This is e-pTeX, Version 3.141592653-p4.0.0-220214-2.6 (utf8.sjis) (TeX Live 2022) (preloaded format=platex 2022.7.13)  13 JUL 2022 13:44
entering extended mode
 restricted \write18 enabled.
 %&-line parsing enabled.
**ipsjtech.sty
(./ipsjtech.sty
pLaTeX2e <2021-11-15> (based on LaTeX2e <2022-06-01> patch level 5)
L3 programming layer <2022-07-04>

LaTeX Warning: You have requested package `',
               but the package provides `ipsj'.

Package: ipsj 2012/06/01 v3.00 IPSJTECH.STY
! Undefined control sequence.
l.96 \ifDS
          @english
? 
! Emergency stop.
l.96 
     
End of file on the terminal!

 
Here is how much of TeX's memory you used:
 31 strings out of 478483
 451 string characters out of 5853964
 304555 words of memory out of 5000000
 18808 multiletter control sequences out of 15000+600000
 473130 words of font info for 45 fonts, out of 8000000 for 9000
 929 hyphenation exceptions out of 8191
 15i,0n,23p,89b,18s stack positions out of 10000i,1000n,20000p,200000b,200000s
No pages of output.
